17:54:07.207 [INFO] [org.gradle.launcher.daemon.server.Daemon] start() called on daemon - DefaultDaemonContext[uid=c5962d35-2711-4f98-8f01-9dccc8baa413,javaHome=/Library/Java/JavaVirtualMachines/jdk1.8.0_25.jdk/Contents/Home,daemonRegistryDir=/Users/petermoseley/.gradle/daemon,pid=70254,idleTimeout=120000,daemonOpts=-Xms128m,-Xmx512m,-Dfile.encoding=UTF-8,-Duser.country=US,-Duser.language=en,-Duser.variant]
17:54:07.214 [DEBUG] [org.gradle.launcher.daemon.server.DaemonStateCoordinator] updating lastActivityAt to 1435701247214
17:54:07.226 [DEBUG] [org.gradle.messaging.remote.internal.inet.InetAddressFactory] Adding IP addresses for network interface en0
17:54:07.227 [DEBUG] [org.gradle.messaging.remote.internal.inet.InetAddressFactory] Is this a loopback interface? false
17:54:07.227 [DEBUG] [org.gradle.messaging.remote.internal.inet.InetAddressFactory] Is this a multicast interface? true
17:54:07.227 [DEBUG] [org.gradle.messaging.remote.internal.inet.InetAddressFactory] Adding remote address /2606:a000:b202:ef00:0:0:0:6
17:54:07.228 [DEBUG] [org.gradle.messaging.remote.internal.inet.InetAddressFactory] Adding remote address /2606:a000:b202:ef00:a128:636b:c4b1:e653
17:54:07.228 [DEBUG] [org.gradle.messaging.remote.internal.inet.InetAddressFactory] Adding remote address /2606:a000:b202:ef00:baf6:b1ff:fe1b:a745
17:54:07.229 [DEBUG] [org.gradle.messaging.remote.internal.inet.InetAddressFactory] Adding remote address /fe80:0:0:0:baf6:b1ff:fe1b:a745%en0
17:54:07.229 [DEBUG] [org.gradle.messaging.remote.internal.inet.InetAddressFactory] Adding remote address /192.168.0.2
17:54:07.229 [DEBUG] [org.gradle.messaging.remote.internal.inet.InetAddressFactory] Adding remote multicast interface en0
17:54:07.230 [DEBUG] [org.gradle.messaging.remote.internal.inet.InetAddressFactory] Adding IP addresses for network interface lo0
17:54:07.230 [DEBUG] [org.gradle.messaging.remote.internal.inet.InetAddressFactory] Is this a loopback interface? true
17:54:07.230 [DEBUG] [org.gradle.messaging.remote.internal.inet.InetAddressFactory] Is this a multicast interface? true
17:54:07.231 [DEBUG] [org.gradle.messaging.remote.internal.inet.InetAddressFactory] Ignoring remote address on loopback interface /fe80:0:0:0:0:0:0:1%lo0
17:54:07.231 [DEBUG] [org.gradle.messaging.remote.internal.inet.InetAddressFactory] Adding loopback address /0:0:0:0:0:0:0:1
17:54:07.231 [DEBUG] [org.gradle.messaging.remote.internal.inet.InetAddressFactory] Adding loopback address /127.0.0.1
17:54:07.231 [DEBUG] [org.gradle.messaging.remote.internal.inet.InetAddressFactory] Adding loopback multicast interface lo0
17:54:07.243 [DEBUG] [org.gradle.messaging.remote.internal.inet.TcpIncomingConnector] Listening on [bfef33b5-551c-4192-ba78-4b4b7b1305a1 port:54857, addresses:[/0:0:0:0:0:0:0:1, /127.0.0.1]].
17:54:07.244 [DEBUG] [org.gradle.launcher.daemon.server.Daemon] Daemon starting at: Tue Jun 30 17:54:07 EDT 2015, with address: [bfef33b5-551c-4192-ba78-4b4b7b1305a1 port:54857, addresses:[/0:0:0:0:0:0:0:1, /127.0.0.1]]
17:54:07.245 [INFO] [org.gradle.launcher.daemon.server.DomainRegistryUpdater] Advertising the daemon address to the clients: [bfef33b5-551c-4192-ba78-4b4b7b1305a1 port:54857, addresses:[/0:0:0:0:0:0:0:1, /127.0.0.1]]
17:54:07.245 [DEBUG] [org.gradle.launcher.daemon.server.DomainRegistryUpdater] Advertised daemon context: DefaultDaemonContext[uid=c5962d35-2711-4f98-8f01-9dccc8baa413,javaHome=/Library/Java/JavaVirtualMachines/jdk1.8.0_25.jdk/Contents/Home,daemonRegistryDir=/Users/petermoseley/.gradle/daemon,pid=70254,idleTimeout=120000,daemonOpts=-Xms128m,-Xmx512m,-Dfile.encoding=UTF-8,-Duser.country=US,-Duser.language=en,-Duser.variant]
17:54:07.246 [DEBUG] [org.gradle.launcher.daemon.registry.PersistentDaemonRegistry] Storing daemon address: [bfef33b5-551c-4192-ba78-4b4b7b1305a1 port:54857, addresses:[/0:0:0:0:0:0:0:1, /127.0.0.1]], context: DefaultDaemonContext[uid=c5962d35-2711-4f98-8f01-9dccc8baa413,javaHome=/Library/Java/JavaVirtualMachines/jdk1.8.0_25.jdk/Contents/Home,daemonRegistryDir=/Users/petermoseley/.gradle/daemon,pid=70254,idleTimeout=120000,daemonOpts=-Xms128m,-Xmx512m,-Dfile.encoding=UTF-8,-Duser.country=US,-Duser.language=en,-Duser.variant]
17:54:07.257 [DEBUG] [org.gradle.cache.internal.DefaultFileLockManager] Waiting to acquire exclusive lock on daemon addresses registry.
17:54:07.259 [DEBUG] [org.gradle.cache.internal.DefaultFileLockManager] Lock acquired.
17:54:07.262 [DEBUG] [org.gradle.cache.internal.DefaultFileLockManager] Releasing lock on daemon addresses registry.
17:54:07.264 [DEBUG] [org.gradle.cache.internal.DefaultFileLockManager] Waiting to acquire exclusive lock on daemon addresses registry.
17:54:07.265 [DEBUG] [org.gradle.cache.internal.DefaultFileLockManager] Lock acquired.
17:54:07.284 [DEBUG] [org.gradle.cache.internal.DefaultFileLockManager] Releasing lock on daemon addresses registry.
17:54:07.285 [LIFECYCLE] [org.gradle.launcher.daemon.server.Daemon] Daemon server started.
17:54:07.287 [DEBUG] [org.gradle.launcher.daemon.bootstrap.DaemonStartupCommunication] Completed writing the daemon greeting. Closing streams...
17:54:07.287 [DEBUG] [org.gradle.launcher.daemon.server.Daemon] requestStopOnIdleTimeout(120000 MILLISECONDS) called on daemon
17:54:07.288 [DEBUG] [org.gradle.launcher.daemon.server.DaemonStateCoordinator] Idle timeout: waiting for daemon to stop or be idle for 120000ms
17:54:07.288 [DEBUG] [org.gradle.launcher.daemon.server.DaemonStateCoordinator] Daemon is idle, sleeping until state change or idle timeout at Tue Jun 30 17:56:07 EDT 2015
17:54:07.326 [DEBUG] [org.gradle.messaging.remote.internal.inet.TcpIncomingConnector] Accepted connection from /0:0:0:0:0:0:0:1:54858 to /0:0:0:0:0:0:0:1:54857.
17:54:07.374 [DEBUG] [org.gradle.launcher.daemon.server.SynchronizedDispatchConnection] thread 15: received class org.gradle.launcher.daemon.protocol.BuildAndStop
17:54:07.375 [DEBUG] [org.gradle.launcher.daemon.server.DefaultDaemonConnection] Received non-IO message from client: BuildAndStop{id=c3f8b4b9-861f-498b-bb48-9688b274081e.1, currentDir=/Users/petermoseley/Documents/Skalicious Games/Test GdxSetup}
17:54:07.376 [INFO] [org.gradle.launcher.daemon.server.DefaultIncomingConnectionHandler] Received command: BuildAndStop{id=c3f8b4b9-861f-498b-bb48-9688b274081e.1, currentDir=/Users/petermoseley/Documents/Skalicious Games/Test GdxSetup}.
17:54:07.376 [DEBUG] [org.gradle.launcher.daemon.server.DefaultIncomingConnectionHandler] Starting executing command: BuildAndStop{id=c3f8b4b9-861f-498b-bb48-9688b274081e.1, currentDir=/Users/petermoseley/Documents/Skalicious Games/Test GdxSetup} with connection: socket connection from /0:0:0:0:0:0:0:1:54857 to /0:0:0:0:0:0:0:1:54858.
17:54:07.385 [DEBUG] [org.gradle.launcher.daemon.server.DaemonStateCoordinator] Command execution: started DaemonCommandExecution[command = BuildAndStop{id=c3f8b4b9-861f-498b-bb48-9688b274081e.1, currentDir=/Users/petermoseley/Documents/Skalicious Games/Test GdxSetup}, connection = org.gradle.launcher.daemon.server.DefaultDaemonConnection@3a438a60] after 0.0 minutes of idle
17:54:07.385 [INFO] [org.gradle.launcher.daemon.server.DomainRegistryUpdater] Marking the daemon as busy, address: [bfef33b5-551c-4192-ba78-4b4b7b1305a1 port:54857, addresses:[/0:0:0:0:0:0:0:1, /127.0.0.1]]
17:54:07.387 [DEBUG] [org.gradle.launcher.daemon.registry.PersistentDaemonRegistry] Marking busy by address: [bfef33b5-551c-4192-ba78-4b4b7b1305a1 port:54857, addresses:[/0:0:0:0:0:0:0:1, /127.0.0.1]]
17:54:07.388 [DEBUG] [org.gradle.cache.internal.DefaultFileLockManager] Waiting to acquire exclusive lock on daemon addresses registry.
17:54:07.388 [DEBUG] [org.gradle.cache.internal.DefaultFileLockManager] Lock acquired.
17:54:07.392 [DEBUG] [org.gradle.cache.internal.DefaultFileLockManager] Releasing lock on daemon addresses registry.
17:54:07.392 [DEBUG] [org.gradle.launcher.daemon.server.DaemonStateCoordinator] updating lastActivityAt to 1435701247392
17:54:07.392 [DEBUG] [org.gradle.launcher.daemon.server.DaemonStateCoordinator] Daemon is busy, sleeping until state changes.
17:54:07.393 [INFO] [org.gradle.launcher.daemon.server.exec.StartBuildOrRespondWithBusy] Daemon is about to start building BuildAndStop{id=c3f8b4b9-861f-498b-bb48-9688b274081e.1, currentDir=/Users/petermoseley/Documents/Skalicious Games/Test GdxSetup}. Dispatching build started information...
17:54:07.393 [DEBUG] [org.gradle.launcher.daemon.server.SynchronizedDispatchConnection] thread 17: dispatching class org.gradle.launcher.daemon.protocol.BuildStarted
17:54:07.397 [DEBUG] [org.gradle.launcher.daemon.server.exec.EstablishBuildEnvironment] Configuring env variables: {PATH=/usr/bin:/bin:/usr/sbin:/sbin, JAVA_ARCH=x86_64, SHELL=/bin/bash, APP_NAME_70112=Gradle, APP_ICON_70112=/Users/petermoseley/Documents/Skalicious Games/Test GdxSetup/media/gradle.icns, OLDPWD=/Users/petermoseley/Documents/Skalicious Games/Test GdxSetup, USER=petermoseley, COMMAND_MODE=unix2003, TMPDIR=/var/folders/mg/qg723fzs72lfnx5v586s67w80000gn/T/, SSH_AUTH_SOCK=/tmp/launch-Y43wsU/Listeners, DISPLAY=/tmp/launch-FcPSdk/org.macosforge.xquartz:0, __CF_USER_TEXT_ENCODING=0x1F5:0:0, Apple_PubSub_Socket_Render=/tmp/launch-Tu8i3L/Render, com.apple.java.jvmTask=CommandLine, LOGNAME=petermoseley, __CHECKFIX1436934=1, PWD=/Users/petermoseley/Documents/Skalicious Games/Test GdxSetup, JAVA_MAIN_CLASS_70112=org.gradle.wrapper.GradleWrapperMain, HOME=/Users/petermoseley, SHLVL=0}
17:54:07.407 [DEBUG] [org.gradle.launcher.daemon.server.exec.LogToClient] About to start relaying all logs to the client via the connection.
17:54:07.408 [INFO] [org.gradle.launcher.daemon.server.exec.LogToClient] The client will now receive all logging from the daemon (pid: 70254). The daemon log file: /Users/petermoseley/.gradle/daemon/2.4/daemon-70254.out.log
17:54:07.410 [DEBUG] [org.gradle.launcher.daemon.server.exec.RequestStopIfSingleUsedDaemon] Requesting daemon stop after processing BuildAndStop{id=c3f8b4b9-861f-498b-bb48-9688b274081e.1, currentDir=/Users/petermoseley/Documents/Skalicious Games/Test GdxSetup}
17:54:07.410 [DEBUG] [org.gradle.launcher.daemon.server.DaemonStateCoordinator] Stop as soon as idle requested. The daemon is busy: true
17:54:07.410 [DEBUG] [org.gradle.launcher.daemon.server.DaemonStateCoordinator] Idle timeout: daemon stop has been requested. Sleeping until state changes.
17:54:07.412 [DEBUG] [org.gradle.launcher.daemon.server.exec.ExecuteBuild] The daemon has started executing the build.
17:54:07.412 [INFO] [org.gradle.launcher.daemon.server.exec.ExecuteBuild] Executing build with daemon context: DefaultDaemonContext[uid=c5962d35-2711-4f98-8f01-9dccc8baa413,javaHome=/Library/Java/JavaVirtualMachines/jdk1.8.0_25.jdk/Contents/Home,daemonRegistryDir=/Users/petermoseley/.gradle/daemon,pid=70254,idleTimeout=120000,daemonOpts=-Xms128m,-Xmx512m,-Dfile.encoding=UTF-8,-Duser.country=US,-Duser.language=en,-Duser.variant]
17:54:07.809 [DEBUG] [org.gradle.internal.resource.transport.http.JavaSystemPropertiesProxySettings] Found java system property 'http.nonProxyHosts': local|*.local|169.254/16|*.169.254/16. Will ignore proxy settings for these hosts.
Configuration on demand is an incubating feature.
:core:clean UP-TO-DATE
:desktop:clean UP-TO-DATE
:eclipseProject
:eclipse
:core:eclipseClasspath
Download https://repo1.maven.org/maven2/com/badlogicgames/gdx/gdx/1.6.3/gdx-1.6.3.pom
Download https://repo1.maven.org/maven2/com/badlogicgames/gdx/gdx-parent/1.6.3/gdx-parent-1.6.3.pom
Download https://repo1.maven.org/maven2/org/sonatype/oss/oss-parent/5/oss-parent-5.pom
Download https://repo1.maven.org/maven2/com/badlogicgames/gdx/gdx-box2d/1.6.3/gdx-box2d-1.6.3.pom
Download https://repo1.maven.org/maven2/com/badlogicgames/gdx/gdx-box2d-parent/1.6.3/gdx-box2d-parent-1.6.3.pom
Download https://repo1.maven.org/maven2/com/badlogicgames/ashley/ashley/1.4.0/ashley-1.4.0.pom
Download https://repo1.maven.org/maven2/com/badlogicgames/gdx/gdx-ai/1.5.0/gdx-ai-1.5.0.pom
Download https://repo1.maven.org/maven2/com/badlogicgames/gdx/gdx-controllers/1.6.3/gdx-controllers-1.6.3.pom
Download https://repo1.maven.org/maven2/com/badlogicgames/gdx/gdx-controllers-parent/1.6.3/gdx-controllers-parent-1.6.3.pom
Download https://repo1.maven.org/maven2/com/badlogicgames/box2dlights/box2dlights/1.3/box2dlights-1.3.pom
Download https://repo1.maven.org/maven2/com/badlogicgames/gdx/gdx/1.6.3/gdx-1.6.3.jar
Download https://repo1.maven.org/maven2/com/badlogicgames/gdx/gdx-box2d/1.6.3/gdx-box2d-1.6.3.jar
Download https://repo1.maven.org/maven2/com/badlogicgames/ashley/ashley/1.4.0/ashley-1.4.0.jar
Download https://repo1.maven.org/maven2/com/badlogicgames/gdx/gdx-ai/1.5.0/gdx-ai-1.5.0.jar
Download https://repo1.maven.org/maven2/com/badlogicgames/gdx/gdx-controllers/1.6.3/gdx-controllers-1.6.3.jar
Download https://repo1.maven.org/maven2/com/badlogicgames/box2dlights/box2dlights/1.3/box2dlights-1.3.jar
Download https://repo1.maven.org/maven2/com/badlogicgames/gdx/gdx/1.6.3/gdx-1.6.3-sources.jar
Download https://repo1.maven.org/maven2/com/badlogicgames/gdx/gdx-box2d/1.6.3/gdx-box2d-1.6.3-sources.jar
Download https://repo1.maven.org/maven2/com/badlogicgames/ashley/ashley/1.4.0/ashley-1.4.0-sources.jar
Download https://repo1.maven.org/maven2/com/badlogicgames/gdx/gdx-ai/1.5.0/gdx-ai-1.5.0-sources.jar
Download https://repo1.maven.org/maven2/com/badlogicgames/gdx/gdx-controllers/1.6.3/gdx-controllers-1.6.3-sources.jar
Download https://repo1.maven.org/maven2/com/badlogicgames/box2dlights/box2dlights/1.3/box2dlights-1.3-sources.jar
:core:eclipseJdt
:core:eclipseProject
:core:eclipse
:desktop:eclipseClasspath
Download https://repo1.maven.org/maven2/com/badlogicgames/gdx/gdx-backend-lwjgl/1.6.3/gdx-backend-lwjgl-1.6.3.pom
Download https://repo1.maven.org/maven2/com/badlogicgames/gdx/gdx-platform/1.6.3/gdx-platform-1.6.3.pom
Download https://repo1.maven.org/maven2/com/badlogicgames/gdx/gdx-box2d-platform/1.6.3/gdx-box2d-platform-1.6.3.pom
Download https://repo1.maven.org/maven2/com/badlogicgames/gdx/gdx-tools/1.6.3/gdx-tools-1.6.3.pom
Download https://repo1.maven.org/maven2/com/badlogicgames/gdx/gdx-controllers-desktop/1.6.3/gdx-controllers-desktop-1.6.3.pom
Download https://repo1.maven.org/maven2/com/badlogicgames/gdx/gdx-controllers-platform/1.6.3/gdx-controllers-platform-1.6.3.pom
Download https://repo1.maven.org/maven2/org/lwjgl/lwjgl/lwjgl/2.9.2/lwjgl-2.9.2.pom
Download https://repo1.maven.org/maven2/org/lwjgl/lwjgl/parent/2.9.2/parent-2.9.2.pom
Download https://repo1.maven.org/maven2/org/lwjgl/lwjgl/lwjgl_util/2.9.2/lwjgl_util-2.9.2.pom
Download https://repo1.maven.org/maven2/com/badlogicgames/jlayer/jlayer/1.0.1-gdx/jlayer-1.0.1-gdx.pom
Download https://repo1.maven.org/maven2/org/sonatype/oss/oss-parent/7/oss-parent-7.pom
Download https://repo1.maven.org/maven2/org/jcraft/jorbis/0.0.17/jorbis-0.0.17.pom
Download https://repo1.maven.org/maven2/com/badlogicgames/gdx/gdx-backend-headless/1.6.3/gdx-backend-headless-1.6.3.pom
Download https://repo1.maven.org/maven2/org/lwjgl/lwjgl/lwjgl-platform/2.9.2/lwjgl-platform-2.9.2.pom
Download https://repo1.maven.org/maven2/net/java/jinput/jinput/2.0.5/jinput-2.0.5.pom
Download https://repo1.maven.org/maven2/net/java/jutils/jutils/1.0.0/jutils-1.0.0.pom
Download https://repo1.maven.org/maven2/net/java/jinput/jinput-platform/2.0.5/jinput-platform-2.0.5.pom
Download https://repo1.maven.org/maven2/com/badlogicgames/gdx/gdx-backend-lwjgl/1.6.3/gdx-backend-lwjgl-1.6.3.jar
Download https://repo1.maven.org/maven2/com/badlogicgames/gdx/gdx-platform/1.6.3/gdx-platform-1.6.3-natives-desktop.jar
Download https://repo1.maven.org/maven2/com/badlogicgames/gdx/gdx-box2d-platform/1.6.3/gdx-box2d-platform-1.6.3-natives-desktop.jar
Download https://repo1.maven.org/maven2/com/badlogicgames/gdx/gdx-tools/1.6.3/gdx-tools-1.6.3.jar
Download https://repo1.maven.org/maven2/com/badlogicgames/gdx/gdx-controllers-desktop/1.6.3/gdx-controllers-desktop-1.6.3.jar
Download https://repo1.maven.org/maven2/com/badlogicgames/gdx/gdx-controllers-platform/1.6.3/gdx-controllers-platform-1.6.3-natives-desktop.jar
Download https://repo1.maven.org/maven2/org/lwjgl/lwjgl/lwjgl/2.9.2/lwjgl-2.9.2.jar
Download https://repo1.maven.org/maven2/org/lwjgl/lwjgl/lwjgl_util/2.9.2/lwjgl_util-2.9.2.jar
Download https://repo1.maven.org/maven2/com/badlogicgames/jlayer/jlayer/1.0.1-gdx/jlayer-1.0.1-gdx.jar
Download https://repo1.maven.org/maven2/org/jcraft/jorbis/0.0.17/jorbis-0.0.17.jar
Download https://repo1.maven.org/maven2/com/badlogicgames/gdx/gdx-backend-headless/1.6.3/gdx-backend-headless-1.6.3.jar
Download https://repo1.maven.org/maven2/org/lwjgl/lwjgl/lwjgl-platform/2.9.2/lwjgl-platform-2.9.2-natives-windows.jar
Download https://repo1.maven.org/maven2/org/lwjgl/lwjgl/lwjgl-platform/2.9.2/lwjgl-platform-2.9.2-natives-linux.jar
Download https://repo1.maven.org/maven2/org/lwjgl/lwjgl/lwjgl-platform/2.9.2/lwjgl-platform-2.9.2-natives-osx.jar
Download https://repo1.maven.org/maven2/net/java/jinput/jinput/2.0.5/jinput-2.0.5.jar
Download https://repo1.maven.org/maven2/net/java/jutils/jutils/1.0.0/jutils-1.0.0.jar
Download https://repo1.maven.org/maven2/net/java/jinput/jinput-platform/2.0.5/jinput-platform-2.0.5-natives-linux.jar
Download https://repo1.maven.org/maven2/net/java/jinput/jinput-platform/2.0.5/jinput-platform-2.0.5-natives-windows.jar
Download https://repo1.maven.org/maven2/net/java/jinput/jinput-platform/2.0.5/jinput-platform-2.0.5-natives-osx.jar
Download https://repo1.maven.org/maven2/com/badlogicgames/gdx/gdx-backend-lwjgl/1.6.3/gdx-backend-lwjgl-1.6.3-sources.jar
Download https://repo1.maven.org/maven2/com/badlogicgames/gdx/gdx-tools/1.6.3/gdx-tools-1.6.3-sources.jar
Download https://repo1.maven.org/maven2/com/badlogicgames/gdx/gdx-controllers-desktop/1.6.3/gdx-controllers-desktop-1.6.3-sources.jar
Download https://repo1.maven.org/maven2/org/lwjgl/lwjgl/lwjgl/2.9.2/lwjgl-2.9.2-sources.jar
Download https://repo1.maven.org/maven2/org/lwjgl/lwjgl/lwjgl_util/2.9.2/lwjgl_util-2.9.2-sources.jar
Download https://repo1.maven.org/maven2/com/badlogicgames/jlayer/jlayer/1.0.1-gdx/jlayer-1.0.1-gdx-sources.jar
Download https://repo1.maven.org/maven2/org/jcraft/jorbis/0.0.17/jorbis-0.0.17-sources.jar
Download https://repo1.maven.org/maven2/com/badlogicgames/gdx/gdx-backend-headless/1.6.3/gdx-backend-headless-1.6.3-sources.jar
Download https://repo1.maven.org/maven2/net/java/jinput/jinput/2.0.5/jinput-2.0.5-sources.jar
Download https://repo1.maven.org/maven2/net/java/jutils/jutils/1.0.0/jutils-1.0.0-sources.jar
:desktop:eclipseJdt
:desktop:eclipseProject
:desktop:eclipse
:desktop:afterEclipseImport

BUILD SUCCESSFUL

Total time: 1 mins 0.848 secs
17:54:24.422 [DEBUG] [org.gradle.cache.internal.btree.BTreePersistentIndexedCache] Closing cache module-metadata.bin (/Users/petermoseley/.gradle/caches/modules-2/metadata-2.15/module-metadata.bin)
17:54:24.423 [DEBUG] [org.gradle.cache.internal.btree.BTreePersistentIndexedCache] Closing cache artifact-at-repository.bin (/Users/petermoseley/.gradle/caches/modules-2/metadata-2.15/artifact-at-repository.bin)
17:54:24.423 [DEBUG] [org.gradle.cache.internal.btree.BTreePersistentIndexedCache] Closing cache artifact-at-url.bin (/Users/petermoseley/.gradle/caches/modules-2/metadata-2.15/artifact-at-url.bin)
17:54:24.423 [DEBUG] [org.gradle.cache.internal.btree.BTreePersistentIndexedCache] Closing cache module-artifacts.bin (/Users/petermoseley/.gradle/caches/modules-2/metadata-2.15/module-artifacts.bin)
17:54:24.424 [DEBUG] [org.gradle.cache.internal.DefaultFileLockManager] Releasing lock on artifact cache (/Users/petermoseley/.gradle/caches/modules-2).
17:54:24.424 [DEBUG] [org.gradle.cache.internal.DefaultFileLockManager] Releasing lock on buildscript class cache for settings file '/Users/petermoseley/Documents/Skalicious Games/Test GdxSetup/settings.gradle' (/Users/petermoseley/.gradle/caches/2.4/scripts/settings_d2dccszhjq145qgw3ylu4e0lp/SettingsScript/buildscript).
17:54:24.424 [DEBUG] [org.gradle.cache.internal.DefaultFileLockManager] Releasing lock on no_buildscript class cache for settings file '/Users/petermoseley/Documents/Skalicious Games/Test GdxSetup/settings.gradle' (/Users/petermoseley/.gradle/caches/2.4/scripts/settings_d2dccszhjq145qgw3ylu4e0lp/SettingsScript/no_buildscript).
17:54:24.425 [DEBUG] [org.gradle.cache.internal.DefaultFileLockManager] Releasing lock on buildscript class cache for build file '/Users/petermoseley/Documents/Skalicious Games/Test GdxSetup/build.gradle' (/Users/petermoseley/.gradle/caches/2.4/scripts/build_ayh5rhvt6hmqqmvpwh43g7j0q/ProjectScript/buildscript).
17:54:24.425 [DEBUG] [org.gradle.cache.internal.DefaultFileLockManager] Releasing lock on no_buildscript class cache for build file '/Users/petermoseley/Documents/Skalicious Games/Test GdxSetup/build.gradle' (/Users/petermoseley/.gradle/caches/2.4/scripts/build_ayh5rhvt6hmqqmvpwh43g7j0q/ProjectScript/no_buildscript).
17:54:24.425 [DEBUG] [org.gradle.cache.internal.DefaultFileLockManager] Releasing lock on buildscript class cache for build file '/Users/petermoseley/Documents/Skalicious Games/Test GdxSetup/core/build.gradle' (/Users/petermoseley/.gradle/caches/2.4/scripts/build_3kv5tatm7p9hzaqzbz3l2afje/ProjectScript/buildscript).
17:54:24.425 [DEBUG] [org.gradle.cache.internal.DefaultFileLockManager] Releasing lock on no_buildscript class cache for build file '/Users/petermoseley/Documents/Skalicious Games/Test GdxSetup/core/build.gradle' (/Users/petermoseley/.gradle/caches/2.4/scripts/build_3kv5tatm7p9hzaqzbz3l2afje/ProjectScript/no_buildscript).
17:54:24.427 [DEBUG] [org.gradle.cache.internal.DefaultFileLockManager] Releasing lock on buildscript class cache for build file '/Users/petermoseley/Documents/Skalicious Games/Test GdxSetup/desktop/build.gradle' (/Users/petermoseley/.gradle/caches/2.4/scripts/build_3rp02nvvfp7iiavoxivyq76fs/ProjectScript/buildscript).
17:54:24.427 [DEBUG] [org.gradle.cache.internal.DefaultFileLockManager] Releasing lock on no_buildscript class cache for build file '/Users/petermoseley/Documents/Skalicious Games/Test GdxSetup/desktop/build.gradle' (/Users/petermoseley/.gradle/caches/2.4/scripts/build_3rp02nvvfp7iiavoxivyq76fs/ProjectScript/no_buildscript).
17:54:24.428 [DEBUG] [org.gradle.cache.internal.DefaultCacheAccess] Cache Plugin Resolution Cache (/Users/petermoseley/.gradle/caches/2.4/plugin-resolution) was closed 0 times.
17:54:24.428 [DEBUG] [org.gradle.api.internal.tasks.compile.daemon.CompilerDaemonManager] Stopping 0 compiler daemon(s).
17:54:24.428 [INFO] [org.gradle.api.internal.tasks.compile.daemon.CompilerDaemonManager] Stopped 0 compiler daemon(s).
17:54:24.429 [DEBUG] [org.gradle.cache.internal.btree.BTreePersistentIndexedCache] Closing cache taskArtifacts.bin (/Users/petermoseley/Documents/Skalicious Games/Test GdxSetup/.gradle/2.4/taskArtifacts/taskArtifacts.bin)
17:54:24.430 [DEBUG] [org.gradle.cache.internal.btree.BTreePersistentIndexedCache] Closing cache fileHashes.bin (/Users/petermoseley/Documents/Skalicious Games/Test GdxSetup/.gradle/2.4/taskArtifacts/fileHashes.bin)
17:54:24.430 [DEBUG] [org.gradle.cache.internal.btree.BTreePersistentIndexedCache] Closing cache outputFileStates.bin (/Users/petermoseley/Documents/Skalicious Games/Test GdxSetup/.gradle/2.4/taskArtifacts/outputFileStates.bin)
17:54:24.430 [DEBUG] [org.gradle.cache.internal.btree.BTreePersistentIndexedCache] Closing cache fileSnapshots.bin (/Users/petermoseley/Documents/Skalicious Games/Test GdxSetup/.gradle/2.4/taskArtifacts/fileSnapshots.bin)
17:54:24.431 [DEBUG] [org.gradle.cache.internal.DefaultFileLockManager] Releasing lock on task history cache (/Users/petermoseley/Documents/Skalicious Games/Test GdxSetup/.gradle/2.4/taskArtifacts).
17:54:24.431 [DEBUG] [org.gradle.api.internal.artifacts.ivyservice.ivyresolve.memcache.InMemoryCachedRepositoryFactory] In-memory dependency metadata cache closed. Repos cached: 12, cache instances: 3, modules served from cache: 32, artifacts: 24
17:54:24.432 [DEBUG] [org.gradle.api.internal.artifacts.ivyservice.resolveengine.store.CachedStoreFactory] Resolution result cache closed. Cache reads: 4, disk reads: 2 (avg: 0.001 secs, total: 0.003 secs)
17:54:24.433 [DEBUG] [org.gradle.api.internal.artifacts.ivyservice.resolveengine.store.CachedStoreFactory] Resolved configuration cache closed. Cache reads: 0, disk reads: 0 (avg: 0.0 secs, total: 0.0 secs)
17:54:24.433 [DEBUG] [org.gradle.api.internal.artifacts.ivyservice.resolveengine.store.ResolutionResultsStoreFactory] Deleted 2 resolution results binary files in 0.002 secs
17:54:24.434 [DEBUG] [org.gradle.launcher.daemon.server.exec.ExecuteBuild] The daemon has finished executing the build.
17:54:24.651 [DEBUG] [org.apache.http.impl.conn.PoolingClientConnectionManager] Connection manager is shutting down
17:54:24.652 [DEBUG] [org.gradle.launcher.daemon.server.DaemonStateCoordinator] Idle timeout: daemon stop has been requested. Sleeping until state changes.
17:54:24.652 [DEBUG] [org.gradle.launcher.daemon.server.DaemonStateCoordinator] Command execution: finished waiting for DaemonCommandExecution[command = BuildAndStop{id=c3f8b4b9-861f-498b-bb48-9688b274081e.1, currentDir=/Users/petermoseley/Documents/Skalicious Games/Test GdxSetup}, connection = org.gradle.launcher.daemon.server.DefaultDaemonConnection@3a438a60]. Result org.gradle.launcher.daemon.server.DaemonStateCoordinator@44016974 with state StopRequested
17:54:24.652 [DEBUG] [org.apache.http.impl.conn.DefaultClientConnection] Connection 0.0.0.0:54861<->23.235.46.209:443 closed
17:54:24.653 [DEBUG] [org.gradle.launcher.daemon.server.DaemonStateCoordinator] Command execution: completed DaemonCommandExecution[command = BuildAndStop{id=c3f8b4b9-861f-498b-bb48-9688b274081e.1, currentDir=/Users/petermoseley/Documents/Skalicious Games/Test GdxSetup}, connection = org.gradle.launcher.daemon.server.DefaultDaemonConnection@3a438a60]
17:54:24.653 [DEBUG] [org.apache.http.impl.conn.DefaultClientConnection] Connection 0.0.0.0:54861<->23.235.46.209:443 closed
17:54:24.653 [DEBUG] [org.gradle.launcher.daemon.server.DaemonStateCoordinator] updating lastActivityAt to 1435701264653
17:54:24.653 [DEBUG] [org.apache.http.impl.conn.PoolingClientConnectionManager] Connection manager shut down
17:54:24.653 [DEBUG] [org.gradle.launcher.daemon.server.DaemonStateCoordinator] Marking daemon stopped due to command completed and stop requested. The daemon is running a build: false
17:54:24.654 [DEBUG] [org.gradle.launcher.daemon.server.DaemonStateCoordinator] Idle timeout: daemon has stopped.
17:54:24.654 [DEBUG] [org.apache.http.impl.conn.PoolingClientConnectionManager] Connection manager is shutting down
17:54:24.654 [DEBUG] [org.gradle.launcher.daemon.server.Daemon] stop() called on daemon
17:54:24.654 [DEBUG] [org.gradle.launcher.daemon.server.exec.ReturnResult] Daemon is dispatching the build result: Success[value=null]
17:54:24.655 [DEBUG] [org.apache.http.impl.conn.DefaultClientConnection] Connection 0.0.0.0:54863<->23.235.46.209:443 closed
17:54:24.655 [DEBUG] [org.apache.http.impl.conn.DefaultClientConnection] Connection 0.0.0.0:54863<->23.235.46.209:443 closed
17:54:24.655 [INFO] [org.gradle.launcher.daemon.server.Daemon] Stop requested. Daemon is removing its presence from the registry...
17:54:24.655 [DEBUG] [org.apache.http.impl.conn.PoolingClientConnectionManager] Connection manager shut down
17:54:24.655 [DEBUG] [org.gradle.launcher.daemon.server.SynchronizedDispatchConnection] thread 14: dispatching class org.gradle.launcher.daemon.protocol.Success
17:54:24.655 [DEBUG] [org.gradle.launcher.daemon.server.DomainRegistryUpdater] Removing our presence to clients, eg. removing this address from the registry: [bfef33b5-551c-4192-ba78-4b4b7b1305a1 port:54857, addresses:[/0:0:0:0:0:0:0:1, /127.0.0.1]]
17:54:24.656 [DEBUG] [org.apache.http.impl.conn.PoolingClientConnectionManager] Connection manager is shutting down
17:54:24.656 [DEBUG] [org.gradle.launcher.daemon.registry.PersistentDaemonRegistry] Removing daemon address: [bfef33b5-551c-4192-ba78-4b4b7b1305a1 port:54857, addresses:[/0:0:0:0:0:0:0:1, /127.0.0.1]]
17:54:24.656 [DEBUG] [org.apache.http.impl.conn.DefaultClientConnection] Connection 0.0.0.0:54859<->23.235.46.209:443 closed
17:54:24.656 [DEBUG] [org.apache.http.impl.conn.DefaultClientConnection] Connection 0.0.0.0:54859<->23.235.46.209:443 closed
17:54:24.656 [DEBUG] [org.apache.http.impl.conn.PoolingClientConnectionManager] Connection manager shut down
17:54:24.657 [DEBUG] [org.gradle.cache.internal.DefaultFileLockManager] Waiting to acquire exclusive lock on daemon addresses registry.
17:54:24.657 [DEBUG] [org.gradle.cache.internal.DefaultFileLockManager] Lock acquired.
17:54:24.657 [DEBUG] [org.gradle.launcher.daemon.server.DefaultIncomingConnectionHandler] Finishing executing command: BuildAndStop{id=c3f8b4b9-861f-498b-bb48-9688b274081e.1, currentDir=/Users/petermoseley/Documents/Skalicious Games/Test GdxSetup}
17:54:24.659 [DEBUG] [org.gradle.cache.internal.DefaultFileLockManager] Releasing lock on daemon addresses registry.
17:54:24.659 [DEBUG] [org.gradle.launcher.daemon.server.DomainRegistryUpdater] Address removed from registry.
17:54:24.666 [DEBUG] [org.gradle.launcher.daemon.server.SynchronizedDispatchConnection] thread 15: received class org.gradle.launcher.daemon.protocol.CloseInput
17:54:24.667 [DEBUG] [org.gradle.launcher.daemon.server.DefaultDaemonConnection] Received IO message from client: CloseInput[id=c3f8b4b9-861f-498b-bb48-9688b274081e.2]
17:54:24.668 [DEBUG] [org.gradle.launcher.daemon.server.SynchronizedDispatchConnection] thread 15: received class org.gradle.launcher.daemon.protocol.Finished
17:54:24.668 [DEBUG] [org.gradle.launcher.daemon.server.DefaultDaemonConnection] Received non-IO message from client: org.gradle.launcher.daemon.protocol.Finished@7c6ee507
17:54:24.668 [DEBUG] [org.gradle.launcher.daemon.server.DefaultIncomingConnectionHandler] Received finished message: org.gradle.launcher.daemon.protocol.Finished@7c6ee507
17:54:24.669 [DEBUG] [org.gradle.launcher.daemon.server.SynchronizedDispatchConnection] thread 14: stopping connection
17:54:24.669 [DEBUG] [org.gradle.launcher.daemon.server.SynchronizedDispatchConnection] thread 15: received null
17:54:24.669 [DEBUG] [org.gradle.launcher.daemon.server.DefaultDaemonConnection] Received end-of-input from client.
17:54:24.670 [DEBUG] [org.gradle.launcher.daemon.server.SynchronizedDispatchConnection] thread 14: stopping connection
Daemon vm is shutting down... The daemon has exited normally or was terminated in response to a user interrupt.
17:54:24.671 [DEBUG] [org.gradle.launcher.daemon.registry.PersistentDaemonRegistry] Removing daemon address: [bfef33b5-551c-4192-ba78-4b4b7b1305a1 port:54857, addresses:[/0:0:0:0:0:0:0:1, /127.0.0.1]]
17:54:24.671 [DEBUG] [org.gradle.cache.internal.DefaultFileLockManager] Waiting to acquire exclusive lock on daemon addresses registry.
17:54:24.672 [DEBUG] [org.gradle.cache.internal.DefaultFileLockManager] Lock acquired.
17:54:24.672 [DEBUG] [org.gradle.cache.internal.DefaultFileLockManager] Releasing lock on daemon addresses registry.
