18:22:35.905 [INFO] [org.gradle.launcher.daemon.server.Daemon] start() called on daemon - DefaultDaemonContext[uid=ad7c9b46-dd55-4be2-aaa5-b0a46b6da60d,javaHome=/Library/Java/JavaVirtualMachines/jdk1.8.0_25.jdk/Contents/Home,daemonRegistryDir=/Users/petermoseley/.gradle/daemon,pid=75634,idleTimeout=120000,daemonOpts=-Xms128m,-Xmx512m,-Dfile.encoding=UTF-8,-Duser.country=US,-Duser.language=en,-Duser.variant]
18:22:35.914 [DEBUG] [org.gradle.launcher.daemon.server.DaemonStateCoordinator] updating lastActivityAt to 1435702955914
18:22:35.925 [DEBUG] [org.gradle.messaging.remote.internal.inet.InetAddressFactory] Adding IP addresses for network interface en0
18:22:35.926 [DEBUG] [org.gradle.messaging.remote.internal.inet.InetAddressFactory] Is this a loopback interface? false
18:22:35.926 [DEBUG] [org.gradle.messaging.remote.internal.inet.InetAddressFactory] Is this a multicast interface? true
18:22:35.927 [DEBUG] [org.gradle.messaging.remote.internal.inet.InetAddressFactory] Adding remote address /2606:a000:b202:ef00:0:0:0:6
18:22:35.927 [DEBUG] [org.gradle.messaging.remote.internal.inet.InetAddressFactory] Adding remote address /2606:a000:b202:ef00:a128:636b:c4b1:e653
18:22:35.928 [DEBUG] [org.gradle.messaging.remote.internal.inet.InetAddressFactory] Adding remote address /2606:a000:b202:ef00:baf6:b1ff:fe1b:a745
18:22:35.928 [DEBUG] [org.gradle.messaging.remote.internal.inet.InetAddressFactory] Adding remote address /fe80:0:0:0:baf6:b1ff:fe1b:a745%en0
18:22:35.928 [DEBUG] [org.gradle.messaging.remote.internal.inet.InetAddressFactory] Adding remote address /192.168.0.2
18:22:35.929 [DEBUG] [org.gradle.messaging.remote.internal.inet.InetAddressFactory] Adding remote multicast interface en0
18:22:35.929 [DEBUG] [org.gradle.messaging.remote.internal.inet.InetAddressFactory] Adding IP addresses for network interface lo0
18:22:35.929 [DEBUG] [org.gradle.messaging.remote.internal.inet.InetAddressFactory] Is this a loopback interface? true
18:22:35.929 [DEBUG] [org.gradle.messaging.remote.internal.inet.InetAddressFactory] Is this a multicast interface? true
18:22:35.930 [DEBUG] [org.gradle.messaging.remote.internal.inet.InetAddressFactory] Ignoring remote address on loopback interface /fe80:0:0:0:0:0:0:1%lo0
18:22:35.930 [DEBUG] [org.gradle.messaging.remote.internal.inet.InetAddressFactory] Adding loopback address /0:0:0:0:0:0:0:1
18:22:35.930 [DEBUG] [org.gradle.messaging.remote.internal.inet.InetAddressFactory] Adding loopback address /127.0.0.1
18:22:35.930 [DEBUG] [org.gradle.messaging.remote.internal.inet.InetAddressFactory] Adding loopback multicast interface lo0
18:22:35.941 [DEBUG] [org.gradle.messaging.remote.internal.inet.TcpIncomingConnector] Listening on [d4a7673f-d083-4d03-bbe0-e4a4627c139d port:55138, addresses:[/0:0:0:0:0:0:0:1, /127.0.0.1]].
18:22:35.943 [DEBUG] [org.gradle.launcher.daemon.server.Daemon] Daemon starting at: Tue Jun 30 18:22:35 EDT 2015, with address: [d4a7673f-d083-4d03-bbe0-e4a4627c139d port:55138, addresses:[/0:0:0:0:0:0:0:1, /127.0.0.1]]
18:22:35.944 [INFO] [org.gradle.launcher.daemon.server.DomainRegistryUpdater] Advertising the daemon address to the clients: [d4a7673f-d083-4d03-bbe0-e4a4627c139d port:55138, addresses:[/0:0:0:0:0:0:0:1, /127.0.0.1]]
18:22:35.944 [DEBUG] [org.gradle.launcher.daemon.server.DomainRegistryUpdater] Advertised daemon context: DefaultDaemonContext[uid=ad7c9b46-dd55-4be2-aaa5-b0a46b6da60d,javaHome=/Library/Java/JavaVirtualMachines/jdk1.8.0_25.jdk/Contents/Home,daemonRegistryDir=/Users/petermoseley/.gradle/daemon,pid=75634,idleTimeout=120000,daemonOpts=-Xms128m,-Xmx512m,-Dfile.encoding=UTF-8,-Duser.country=US,-Duser.language=en,-Duser.variant]
18:22:35.944 [DEBUG] [org.gradle.launcher.daemon.registry.PersistentDaemonRegistry] Storing daemon address: [d4a7673f-d083-4d03-bbe0-e4a4627c139d port:55138, addresses:[/0:0:0:0:0:0:0:1, /127.0.0.1]], context: DefaultDaemonContext[uid=ad7c9b46-dd55-4be2-aaa5-b0a46b6da60d,javaHome=/Library/Java/JavaVirtualMachines/jdk1.8.0_25.jdk/Contents/Home,daemonRegistryDir=/Users/petermoseley/.gradle/daemon,pid=75634,idleTimeout=120000,daemonOpts=-Xms128m,-Xmx512m,-Dfile.encoding=UTF-8,-Duser.country=US,-Duser.language=en,-Duser.variant]
18:22:35.953 [DEBUG] [org.gradle.cache.internal.DefaultFileLockManager] Waiting to acquire exclusive lock on daemon addresses registry.
18:22:35.957 [DEBUG] [org.gradle.cache.internal.DefaultFileLockManager] Lock acquired.
18:22:35.981 [DEBUG] [org.gradle.cache.internal.DefaultFileLockManager] Releasing lock on daemon addresses registry.
18:22:35.982 [LIFECYCLE] [org.gradle.launcher.daemon.server.Daemon] Daemon server started.
18:22:35.984 [DEBUG] [org.gradle.launcher.daemon.bootstrap.DaemonStartupCommunication] Completed writing the daemon greeting. Closing streams...
18:22:35.984 [DEBUG] [org.gradle.launcher.daemon.server.Daemon] requestStopOnIdleTimeout(120000 MILLISECONDS) called on daemon
18:22:35.984 [DEBUG] [org.gradle.launcher.daemon.server.DaemonStateCoordinator] Idle timeout: waiting for daemon to stop or be idle for 120000ms
18:22:35.985 [DEBUG] [org.gradle.launcher.daemon.server.DaemonStateCoordinator] Daemon is idle, sleeping until state change or idle timeout at Tue Jun 30 18:24:35 EDT 2015
18:22:36.027 [DEBUG] [org.gradle.messaging.remote.internal.inet.TcpIncomingConnector] Accepted connection from /0:0:0:0:0:0:0:1:55139 to /0:0:0:0:0:0:0:1:55138.
18:22:36.077 [DEBUG] [org.gradle.launcher.daemon.server.SynchronizedDispatchConnection] thread 15: received class org.gradle.launcher.daemon.protocol.BuildAndStop
18:22:36.077 [DEBUG] [org.gradle.launcher.daemon.server.DefaultDaemonConnection] Received non-IO message from client: BuildAndStop{id=5967db93-f3d3-48e4-931f-a4eff55d8bfa.1, currentDir=/Users/petermoseley/Documents/Skalicious Games/Project-42}
18:22:36.078 [INFO] [org.gradle.launcher.daemon.server.DefaultIncomingConnectionHandler] Received command: BuildAndStop{id=5967db93-f3d3-48e4-931f-a4eff55d8bfa.1, currentDir=/Users/petermoseley/Documents/Skalicious Games/Project-42}.
18:22:36.079 [DEBUG] [org.gradle.launcher.daemon.server.DefaultIncomingConnectionHandler] Starting executing command: BuildAndStop{id=5967db93-f3d3-48e4-931f-a4eff55d8bfa.1, currentDir=/Users/petermoseley/Documents/Skalicious Games/Project-42} with connection: socket connection from /0:0:0:0:0:0:0:1:55138 to /0:0:0:0:0:0:0:1:55139.
18:22:36.088 [DEBUG] [org.gradle.launcher.daemon.server.DaemonStateCoordinator] Command execution: started DaemonCommandExecution[command = BuildAndStop{id=5967db93-f3d3-48e4-931f-a4eff55d8bfa.1, currentDir=/Users/petermoseley/Documents/Skalicious Games/Project-42}, connection = org.gradle.launcher.daemon.server.DefaultDaemonConnection@39ed3b6c] after 0.0 minutes of idle
18:22:36.089 [INFO] [org.gradle.launcher.daemon.server.DomainRegistryUpdater] Marking the daemon as busy, address: [d4a7673f-d083-4d03-bbe0-e4a4627c139d port:55138, addresses:[/0:0:0:0:0:0:0:1, /127.0.0.1]]
18:22:36.089 [DEBUG] [org.gradle.launcher.daemon.registry.PersistentDaemonRegistry] Marking busy by address: [d4a7673f-d083-4d03-bbe0-e4a4627c139d port:55138, addresses:[/0:0:0:0:0:0:0:1, /127.0.0.1]]
18:22:36.090 [DEBUG] [org.gradle.cache.internal.DefaultFileLockManager] Waiting to acquire exclusive lock on daemon addresses registry.
18:22:36.090 [DEBUG] [org.gradle.cache.internal.DefaultFileLockManager] Lock acquired.
18:22:36.094 [DEBUG] [org.gradle.cache.internal.DefaultFileLockManager] Releasing lock on daemon addresses registry.
18:22:36.094 [DEBUG] [org.gradle.launcher.daemon.server.DaemonStateCoordinator] updating lastActivityAt to 1435702956094
18:22:36.095 [DEBUG] [org.gradle.launcher.daemon.server.DaemonStateCoordinator] Daemon is busy, sleeping until state changes.
18:22:36.095 [INFO] [org.gradle.launcher.daemon.server.exec.StartBuildOrRespondWithBusy] Daemon is about to start building BuildAndStop{id=5967db93-f3d3-48e4-931f-a4eff55d8bfa.1, currentDir=/Users/petermoseley/Documents/Skalicious Games/Project-42}. Dispatching build started information...
18:22:36.096 [DEBUG] [org.gradle.launcher.daemon.server.SynchronizedDispatchConnection] thread 17: dispatching class org.gradle.launcher.daemon.protocol.BuildStarted
18:22:36.099 [DEBUG] [org.gradle.launcher.daemon.server.exec.EstablishBuildEnvironment] Configuring env variables: {PATH=/usr/bin:/bin:/usr/sbin:/sbin, JAVA_ARCH=x86_64, SHELL=/bin/bash, APP_ICON_75627=/Users/petermoseley/Documents/Skalicious Games/Project-42/media/gradle.icns, OLDPWD=/Users/petermoseley/Documents/Skalicious Games/Project-42, USER=petermoseley, APP_NAME_75627=Gradle, TMPDIR=/var/folders/mg/qg723fzs72lfnx5v586s67w80000gn/T/, SSH_AUTH_SOCK=/tmp/launch-Y43wsU/Listeners, DISPLAY=/tmp/launch-FcPSdk/org.macosforge.xquartz:0, __CF_USER_TEXT_ENCODING=0x1F5:0:0, Apple_PubSub_Socket_Render=/tmp/launch-Tu8i3L/Render, JAVA_MAIN_CLASS_75627=org.gradle.wrapper.GradleWrapperMain, com.apple.java.jvmTask=CommandLine, LOGNAME=petermoseley, __CHECKFIX1436934=1, PWD=/Users/petermoseley/Documents/Skalicious Games/Project-42, HOME=/Users/petermoseley, SHLVL=0}
18:22:36.109 [DEBUG] [org.gradle.launcher.daemon.server.exec.LogToClient] About to start relaying all logs to the client via the connection.
18:22:36.109 [INFO] [org.gradle.launcher.daemon.server.exec.LogToClient] The client will now receive all logging from the daemon (pid: 75634). The daemon log file: /Users/petermoseley/.gradle/daemon/2.4/daemon-75634.out.log
18:22:36.111 [DEBUG] [org.gradle.launcher.daemon.server.exec.RequestStopIfSingleUsedDaemon] Requesting daemon stop after processing BuildAndStop{id=5967db93-f3d3-48e4-931f-a4eff55d8bfa.1, currentDir=/Users/petermoseley/Documents/Skalicious Games/Project-42}
18:22:36.111 [DEBUG] [org.gradle.launcher.daemon.server.DaemonStateCoordinator] Stop as soon as idle requested. The daemon is busy: true
18:22:36.112 [DEBUG] [org.gradle.launcher.daemon.server.DaemonStateCoordinator] Idle timeout: daemon stop has been requested. Sleeping until state changes.
18:22:36.114 [DEBUG] [org.gradle.launcher.daemon.server.exec.ExecuteBuild] The daemon has started executing the build.
18:22:36.115 [INFO] [org.gradle.launcher.daemon.server.exec.ExecuteBuild] Executing build with daemon context: DefaultDaemonContext[uid=ad7c9b46-dd55-4be2-aaa5-b0a46b6da60d,javaHome=/Library/Java/JavaVirtualMachines/jdk1.8.0_25.jdk/Contents/Home,daemonRegistryDir=/Users/petermoseley/.gradle/daemon,pid=75634,idleTimeout=120000,daemonOpts=-Xms128m,-Xmx512m,-Dfile.encoding=UTF-8,-Duser.country=US,-Duser.language=en,-Duser.variant]
18:22:36.515 [DEBUG] [org.gradle.internal.resource.transport.http.JavaSystemPropertiesProxySettings] Found java system property 'http.nonProxyHosts': local|*.local|169.254/16|*.169.254/16. Will ignore proxy settings for these hosts.
Configuration on demand is an incubating feature.
:core:clean UP-TO-DATE
:desktop:clean UP-TO-DATE
:eclipseProject
:eclipse
:core:eclipseClasspath
:core:eclipseJdt
:core:eclipseProject
:core:eclipse
:desktop:eclipseClasspath
:desktop:eclipseJdt
:desktop:eclipseProject
:desktop:eclipse
:desktop:afterEclipseImport

BUILD SUCCESSFUL

Total time: 8.276 secs
18:22:42.914 [DEBUG] [org.gradle.cache.internal.DefaultCacheAccess] Cache Plugin Resolution Cache (/Users/petermoseley/.gradle/caches/2.4/plugin-resolution) was closed 0 times.
18:22:42.914 [DEBUG] [org.gradle.cache.internal.DefaultFileLockManager] Releasing lock on buildscript class cache for settings file '/Users/petermoseley/Documents/Skalicious Games/Project-42/settings.gradle' (/Users/petermoseley/.gradle/caches/2.4/scripts/settings_5qzyew59zjj696xiioyyx1swg/SettingsScript/buildscript).
18:22:42.915 [DEBUG] [org.gradle.cache.internal.DefaultFileLockManager] Releasing lock on no_buildscript class cache for settings file '/Users/petermoseley/Documents/Skalicious Games/Project-42/settings.gradle' (/Users/petermoseley/.gradle/caches/2.4/scripts/settings_5qzyew59zjj696xiioyyx1swg/SettingsScript/no_buildscript).
18:22:42.915 [DEBUG] [org.gradle.cache.internal.DefaultFileLockManager] Releasing lock on buildscript class cache for build file '/Users/petermoseley/Documents/Skalicious Games/Project-42/build.gradle' (/Users/petermoseley/.gradle/caches/2.4/scripts/build_3xsm7q8w6u8kgathxdjyrifmw/ProjectScript/buildscript).
18:22:42.915 [DEBUG] [org.gradle.cache.internal.DefaultFileLockManager] Releasing lock on no_buildscript class cache for build file '/Users/petermoseley/Documents/Skalicious Games/Project-42/build.gradle' (/Users/petermoseley/.gradle/caches/2.4/scripts/build_3xsm7q8w6u8kgathxdjyrifmw/ProjectScript/no_buildscript).
18:22:42.916 [DEBUG] [org.gradle.cache.internal.DefaultFileLockManager] Releasing lock on buildscript class cache for build file '/Users/petermoseley/Documents/Skalicious Games/Project-42/core/build.gradle' (/Users/petermoseley/.gradle/caches/2.4/scripts/build_1ks0nig9qrhvr10huc3n4i37p/ProjectScript/buildscript).
18:22:42.916 [DEBUG] [org.gradle.cache.internal.DefaultFileLockManager] Releasing lock on no_buildscript class cache for build file '/Users/petermoseley/Documents/Skalicious Games/Project-42/core/build.gradle' (/Users/petermoseley/.gradle/caches/2.4/scripts/build_1ks0nig9qrhvr10huc3n4i37p/ProjectScript/no_buildscript).
18:22:42.916 [DEBUG] [org.gradle.cache.internal.DefaultFileLockManager] Releasing lock on buildscript class cache for build file '/Users/petermoseley/Documents/Skalicious Games/Project-42/desktop/build.gradle' (/Users/petermoseley/.gradle/caches/2.4/scripts/build_8bl1krftz753soeugqs1y45j5/ProjectScript/buildscript).
18:22:42.916 [DEBUG] [org.gradle.cache.internal.DefaultFileLockManager] Releasing lock on no_buildscript class cache for build file '/Users/petermoseley/Documents/Skalicious Games/Project-42/desktop/build.gradle' (/Users/petermoseley/.gradle/caches/2.4/scripts/build_8bl1krftz753soeugqs1y45j5/ProjectScript/no_buildscript).
18:22:42.917 [DEBUG] [org.gradle.cache.internal.btree.BTreePersistentIndexedCache] Closing cache artifact-at-repository.bin (/Users/petermoseley/.gradle/caches/modules-2/metadata-2.15/artifact-at-repository.bin)
18:22:42.918 [DEBUG] [org.gradle.cache.internal.btree.BTreePersistentIndexedCache] Closing cache module-metadata.bin (/Users/petermoseley/.gradle/caches/modules-2/metadata-2.15/module-metadata.bin)
18:22:42.918 [DEBUG] [org.gradle.cache.internal.btree.BTreePersistentIndexedCache] Closing cache module-artifacts.bin (/Users/petermoseley/.gradle/caches/modules-2/metadata-2.15/module-artifacts.bin)
18:22:42.918 [DEBUG] [org.gradle.cache.internal.DefaultFileLockManager] Releasing lock on artifact cache (/Users/petermoseley/.gradle/caches/modules-2).
18:22:42.919 [DEBUG] [org.gradle.api.internal.tasks.compile.daemon.CompilerDaemonManager] Stopping 0 compiler daemon(s).
18:22:42.919 [INFO] [org.gradle.api.internal.tasks.compile.daemon.CompilerDaemonManager] Stopped 0 compiler daemon(s).
18:22:42.920 [DEBUG] [org.gradle.cache.internal.btree.BTreePersistentIndexedCache] Closing cache outputFileStates.bin (/Users/petermoseley/Documents/Skalicious Games/Project-42/.gradle/2.4/taskArtifacts/outputFileStates.bin)
18:22:42.920 [DEBUG] [org.gradle.cache.internal.btree.BTreePersistentIndexedCache] Closing cache fileSnapshots.bin (/Users/petermoseley/Documents/Skalicious Games/Project-42/.gradle/2.4/taskArtifacts/fileSnapshots.bin)
18:22:42.920 [DEBUG] [org.gradle.cache.internal.btree.BTreePersistentIndexedCache] Closing cache fileHashes.bin (/Users/petermoseley/Documents/Skalicious Games/Project-42/.gradle/2.4/taskArtifacts/fileHashes.bin)
18:22:42.921 [DEBUG] [org.gradle.cache.internal.btree.BTreePersistentIndexedCache] Closing cache taskArtifacts.bin (/Users/petermoseley/Documents/Skalicious Games/Project-42/.gradle/2.4/taskArtifacts/taskArtifacts.bin)
18:22:42.921 [DEBUG] [org.gradle.cache.internal.DefaultFileLockManager] Releasing lock on task history cache (/Users/petermoseley/Documents/Skalicious Games/Project-42/.gradle/2.4/taskArtifacts).
18:22:42.922 [DEBUG] [org.gradle.api.internal.artifacts.ivyservice.ivyresolve.memcache.InMemoryCachedRepositoryFactory] In-memory dependency metadata cache closed. Repos cached: 12, cache instances: 3, modules served from cache: 29, artifacts: 8
18:22:42.922 [DEBUG] [org.gradle.api.internal.artifacts.ivyservice.resolveengine.store.CachedStoreFactory] Resolution result cache closed. Cache reads: 4, disk reads: 2 (avg: 0.004 secs, total: 0.008 secs)
18:22:42.923 [DEBUG] [org.gradle.api.internal.artifacts.ivyservice.resolveengine.store.CachedStoreFactory] Resolved configuration cache closed. Cache reads: 0, disk reads: 0 (avg: 0.0 secs, total: 0.0 secs)
18:22:42.923 [DEBUG] [org.gradle.api.internal.artifacts.ivyservice.resolveengine.store.ResolutionResultsStoreFactory] Deleted 2 resolution results binary files in 0.001 secs
18:22:42.923 [DEBUG] [org.gradle.launcher.daemon.server.exec.ExecuteBuild] The daemon has finished executing the build.
18:22:43.232 [DEBUG] [org.gradle.launcher.daemon.server.DaemonStateCoordinator] Idle timeout: daemon stop has been requested. Sleeping until state changes.
18:22:43.233 [DEBUG] [org.gradle.launcher.daemon.server.DaemonStateCoordinator] Command execution: finished waiting for DaemonCommandExecution[command = BuildAndStop{id=5967db93-f3d3-48e4-931f-a4eff55d8bfa.1, currentDir=/Users/petermoseley/Documents/Skalicious Games/Project-42}, connection = org.gradle.launcher.daemon.server.DefaultDaemonConnection@39ed3b6c]. Result org.gradle.launcher.daemon.server.DaemonStateCoordinator@22eece1d with state StopRequested
18:22:43.233 [DEBUG] [org.gradle.launcher.daemon.server.DaemonStateCoordinator] Command execution: completed DaemonCommandExecution[command = BuildAndStop{id=5967db93-f3d3-48e4-931f-a4eff55d8bfa.1, currentDir=/Users/petermoseley/Documents/Skalicious Games/Project-42}, connection = org.gradle.launcher.daemon.server.DefaultDaemonConnection@39ed3b6c]
18:22:43.233 [DEBUG] [org.gradle.launcher.daemon.server.DaemonStateCoordinator] updating lastActivityAt to 1435702963233
18:22:43.233 [DEBUG] [org.gradle.launcher.daemon.server.DaemonStateCoordinator] Marking daemon stopped due to command completed and stop requested. The daemon is running a build: false
18:22:43.234 [DEBUG] [org.gradle.launcher.daemon.server.DaemonStateCoordinator] Idle timeout: daemon has stopped.
18:22:43.234 [DEBUG] [org.gradle.launcher.daemon.server.Daemon] stop() called on daemon
18:22:43.234 [DEBUG] [org.gradle.launcher.daemon.server.exec.ReturnResult] Daemon is dispatching the build result: Success[value=null]
18:22:43.234 [INFO] [org.gradle.launcher.daemon.server.Daemon] Stop requested. Daemon is removing its presence from the registry...
18:22:43.234 [DEBUG] [org.gradle.launcher.daemon.server.SynchronizedDispatchConnection] thread 14: dispatching class org.gradle.launcher.daemon.protocol.Success
18:22:43.234 [DEBUG] [org.gradle.launcher.daemon.server.DomainRegistryUpdater] Removing our presence to clients, eg. removing this address from the registry: [d4a7673f-d083-4d03-bbe0-e4a4627c139d port:55138, addresses:[/0:0:0:0:0:0:0:1, /127.0.0.1]]
18:22:43.235 [DEBUG] [org.gradle.launcher.daemon.registry.PersistentDaemonRegistry] Removing daemon address: [d4a7673f-d083-4d03-bbe0-e4a4627c139d port:55138, addresses:[/0:0:0:0:0:0:0:1, /127.0.0.1]]
18:22:43.236 [DEBUG] [org.gradle.cache.internal.DefaultFileLockManager] Waiting to acquire exclusive lock on daemon addresses registry.
18:22:43.236 [DEBUG] [org.gradle.launcher.daemon.server.DefaultIncomingConnectionHandler] Finishing executing command: BuildAndStop{id=5967db93-f3d3-48e4-931f-a4eff55d8bfa.1, currentDir=/Users/petermoseley/Documents/Skalicious Games/Project-42}
18:22:43.236 [DEBUG] [org.gradle.cache.internal.DefaultFileLockManager] Lock acquired.
18:22:43.239 [DEBUG] [org.gradle.cache.internal.DefaultFileLockManager] Releasing lock on daemon addresses registry.
18:22:43.239 [DEBUG] [org.gradle.launcher.daemon.server.DomainRegistryUpdater] Address removed from registry.
18:22:43.244 [DEBUG] [org.gradle.launcher.daemon.server.SynchronizedDispatchConnection] thread 15: received class org.gradle.launcher.daemon.protocol.CloseInput
18:22:43.244 [DEBUG] [org.gradle.launcher.daemon.server.DefaultDaemonConnection] Received IO message from client: CloseInput[id=5967db93-f3d3-48e4-931f-a4eff55d8bfa.2]
18:22:43.245 [DEBUG] [org.gradle.launcher.daemon.server.SynchronizedDispatchConnection] thread 15: received class org.gradle.launcher.daemon.protocol.Finished
18:22:43.246 [DEBUG] [org.gradle.launcher.daemon.server.DefaultDaemonConnection] Received non-IO message from client: org.gradle.launcher.daemon.protocol.Finished@b2bd90e
18:22:43.246 [DEBUG] [org.gradle.launcher.daemon.server.DefaultIncomingConnectionHandler] Received finished message: org.gradle.launcher.daemon.protocol.Finished@b2bd90e
18:22:43.246 [DEBUG] [org.gradle.launcher.daemon.server.SynchronizedDispatchConnection] thread 14: stopping connection
18:22:43.247 [DEBUG] [org.gradle.launcher.daemon.server.SynchronizedDispatchConnection] thread 15: received null
18:22:43.247 [DEBUG] [org.gradle.launcher.daemon.server.DefaultDaemonConnection] Received end-of-input from client.
18:22:43.248 [DEBUG] [org.gradle.launcher.daemon.server.SynchronizedDispatchConnection] thread 14: stopping connection
Daemon vm is shutting down... The daemon has exited normally or was terminated in response to a user interrupt.
18:22:43.250 [DEBUG] [org.gradle.launcher.daemon.registry.PersistentDaemonRegistry] Removing daemon address: [d4a7673f-d083-4d03-bbe0-e4a4627c139d port:55138, addresses:[/0:0:0:0:0:0:0:1, /127.0.0.1]]
18:22:43.250 [DEBUG] [org.gradle.cache.internal.DefaultFileLockManager] Waiting to acquire exclusive lock on daemon addresses registry.
18:22:43.251 [DEBUG] [org.gradle.cache.internal.DefaultFileLockManager] Lock acquired.
18:22:43.251 [DEBUG] [org.gradle.cache.internal.DefaultFileLockManager] Releasing lock on daemon addresses registry.
